main:taLoad;taMarkov
taLoad:main;taMarkov
taQuery:
taSentiment:taSectionSentiment;taSentenceSentiment
taSectionSentiment:taSentenceSentiment;taSentiment
taSentenceSentiment:taSectionSentiment;taSentiment
taWordDist:taWordDistNormalized
taSort:
taWordsByCount:taListedWordsByCount
taListedWordsByCount:taWordsByCount
taSections:
taSentencesBySection:taAllSentences;taSentence
taAllSentences:taSentencesBySection;taSentence
taSentence:taSentencesBySection;taAllSentences
taAppendInfo:
taRelationsSummary:taRelations
taRelations:taRelationsSummary
taLocateTaggedSentences:
taFilter:
taLocateWordUsage:
taAlternateWords:
taWordDistNormalized:taWordDist
taSectionsTagValue:
taSectionDate:
taColumnToAggregate:
taPlotByDate:
taMarkov:taMarkovGen;taMarkovGenContaining;taMarkovGenStarting
taMarkovGen:taMarkov
taMarkovGenContaining:taMarkov
taMarkovGenStarting:taMarkov

